<?xml version="1.0" encoding="UTF-8" ?>
<testsuite tests="24" failures="0" name="PaymentCardTest" time="0.06" errors="0" skipped="0">
  <properties>
[...]
</properties>
  <testcase classname="PaymentCardTest" name="otherInitialBalanceWorks" time="0.05"/>
  <testcase classname="PaymentCardTest" name="toStringInitiallyCorrect" time="0"/>
  <testcase classname="PaymentCardTest" name="addedMoneyCanBeUsedToBuy" time="0"/>
  <testcase classname="PaymentCardTest" name="multipleCards" time="0"/>
  <testcase classname="PaymentCardTest" name="eatHeartilyDecreasesBalance" time="0.01"/>
  <testcase classname="PaymentCardTest" name="methodAddMoneyExists" time="0"/>
  <testcase classname="PaymentCardTest" name="balanceCannotExceedMaximum" time="0"/>
  <testcase classname="PaymentCardTest" name="methodEatHeartilyExists" time="0"/>
  <testcase classname="PaymentCardTest" name="methodEatAffordablyExists" time="0"/>
  <testcase classname="PaymentCardTest" name="eatHeartilyWillNotCauseNegativeBalance" time="0"/>
  <testcase classname="PaymentCardTest" name="moneyCanBeAdded" time="0"/>
  <testcase classname="PaymentCardTest" name="classIsPublic" time="0"/>
  <testcase classname="PaymentCardTest" name="allMoneyCanBeUsedToEat2" time="0"/>
  <testcase classname="PaymentCardTest" name="eatAffordablyDecreasesBalance" time="0"/>
  <testcase classname="PaymentCardTest" name="allMoneyCanBeUsedToEat" time="0"/>
  <testcase classname="PaymentCardTest" name="eatAffordablyWillNotCauseNegativeBalance" time="0"/>
  <testcase classname="PaymentCardTest" name="noExtraVariables1" time="0"/>
  <testcase classname="PaymentCardTest" name="noExtraVariables2" time="0"/>
  <testcase classname="PaymentCardTest" name="noExtraVariables3" time="0"/>
  <testcase classname="PaymentCardTest" name="noExtraVariables4" time="0"/>
  <testcase classname="PaymentCardTest" name="noExtraVariables5" time="0"/>
  <testcase classname="PaymentCardTest" name="noExtraVariables6" time="0"/>
  <testcase classname="PaymentCardTest" name="addingNegativeAmountDoesntChangeBalance" time="0"/>
  <testcase classname="PaymentCardTest" name="testConstructor" time="0"/>
</testsuite>